# JRE version: OpenJDK Runtime Environment (8.0_242-b01) (build 1.8.0_242-release-1644-b01)
# Java VM: OpenJDK 64-Bit Server VM (25.242-b01 mixed mode windows-amd64 compressed oops)
Heap:
 PSYoungGen      total 245248K, used 188578K [0x00000000d5580000, 0x00000000e5580000, 0x0000000100000000)
  eden space 233472K, 80% used [0x00000000d5580000,0x00000000e0da89f0,0x00000000e3980000)
  from space 11776K, 0% used [0x00000000e4a00000,0x00000000e4a00000,0x00000000e5580000)
  to   space 14336K, 0% used [0x00000000e3980000,0x00000000e3980000,0x00000000e4780000)
 ParOldGen       total 110080K, used 34297K [0x0000000080000000, 0x0000000086b80000, 0x00000000d5580000)
  object space 110080K, 31% used [0x0000000080000000,0x000000008217e498,0x0000000086b80000)
 Metaspace       used 64983K, capacity 68316K, committed 68504K, reserved 1110016K
  class space    used 9012K, capacity 9633K, committed 9648K, reserved 1048576K
GC Heap History (10 events):
Event: 4.233 GC heap before
{Heap before GC invocations=9 (full 1):
 PSYoungGen      total 142848K, used 42250K [0x00000000d5580000, 0x00000000e5880000, 0x0000000100000000)
  eden space 131072K, 23% used [0x00000000d5580000,0x00000000d7343f68,0x00000000dd580000)
  from space 11776K, 99% used [0x00000000dd580000,0x00000000de0fea88,0x00000000de100000)
  to   space 14848K, 0% used [0x00000000e4a00000,0x00000000e4a00000,0x00000000e5880000)
 ParOldGen       total 51200K, used 9246K [0x0000000080000000, 0x0000000083200000, 0x00000000d5580000)
  object space 51200K, 18% used [0x0000000080000000,0x0000000080907918,0x0000000083200000)
 Metaspace       used 34290K, capacity 35414K, committed 35496K, reserved 1079296K
  class space    used 4722K, capacity 5002K, committed 5040K, reserved 1048576K
Event: 4.240 GC heap after
Heap after GC invocations=9 (full 1):
 PSYoungGen      total 245248K, used 8155K [0x00000000d5580000, 0x00000000e5580000, 0x0000000100000000)
  eden space 233472K, 0% used [0x00000000d5580000,0x00000000d5580000,0x00000000e3980000)
  from space 11776K, 69% used [0x00000000e4a00000,0x00000000e51f6d88,0x00000000e5580000)
  to   space 14336K, 0% used [0x00000000e3980000,0x00000000e3980000,0x00000000e4780000)
 ParOldGen       total 51200K, used 9254K [0x0000000080000000, 0x0000000083200000, 0x00000000d5580000)
  object space 51200K, 18% used [0x0000000080000000,0x0000000080909918,0x0000000083200000)
 Metaspace       used 34290K, capacity 35414K, committed 35496K, reserved 1079296K
  class space    used 4722K, capacity 5002K, committed 5040K, reserved 1048576K
}
Event: 4.240 GC heap before
{Heap before GC invocations=10 (full 2):
 PSYoungGen      total 245248K, used 8155K [0x00000000d5580000, 0x00000000e5580000, 0x0000000100000000)
  eden space 233472K, 0% used [0x00000000d5580000,0x00000000d5580000,0x00000000e3980000)
  from space 11776K, 69% used [0x00000000e4a00000,0x00000000e51f6d88,0x00000000e5580000)
  to   space 14336K, 0% used [0x00000000e3980000,0x00000000e3980000,0x00000000e4780000)
 ParOldGen       total 51200K, used 9254K [0x0000000080000000, 0x0000000083200000, 0x00000000d5580000)
  object space 51200K, 18% used [0x0000000080000000,0x0000000080909918,0x0000000083200000)
 Metaspace       used 34290K, capacity 35414K, committed 35496K, reserved 1079296K
  class space    used 4722K, capacity 5002K, committed 5040K, reserved 1048576K
Event: 4.284 GC heap after
Heap after GC invocations=10 (full 2):
 PSYoungGen      total 245248K, used 0K [0x00000000d5580000, 0x00000000e5580000, 0x0000000100000000)
  eden space 233472K, 0% used [0x00000000d5580000,0x00000000d5580000,0x00000000e3980000)
  from space 11776K, 0% used [0x00000000e4a00000,0x00000000e4a00000,0x00000000e5580000)
  to   space 14336K, 0% used [0x00000000e3980000,0x00000000e3980000,0x00000000e4780000)
 ParOldGen       total 70656K, used 14506K [0x0000000080000000, 0x0000000084500000, 0x00000000d5580000)
  object space 70656K, 20% used [0x0000000080000000,0x0000000080e2a8a0,0x0000000084500000)
 Metaspace       used 34290K, capacity 35414K, committed 35496K, reserved 1079296K
  class space    used 4722K, capacity 5002K, committed 5040K, reserved 1048576K
}
Event: 6.443 GC heap before
{Heap before GC invocations=11 (full 2):
 PSYoungGen      total 245248K, used 233472K [0x00000000d5580000, 0x00000000e5580000, 0x0000000100000000)
  eden space 233472K, 100% used [0x00000000d5580000,0x00000000e3980000,0x00000000e3980000)
  from space 11776K, 0% used [0x00000000e4a00000,0x00000000e4a00000,0x00000000e5580000)
  to   space 14336K, 0% used [0x00000000e3980000,0x00000000e3980000,0x00000000e4780000)
 ParOldGen       total 70656K, used 14506K [0x0000000080000000, 0x0000000084500000, 0x00000000d5580000)
  object space 70656K, 20% used [0x0000000080000000,0x0000000080e2a8a0,0x0000000084500000)
 Metaspace       used 47904K, capacity 49774K, committed 49960K, reserved 1091584K
  class space    used 6474K, capacity 6861K, committed 6960K, reserved 1048576K
Event: 6.458 GC heap after
Heap after GC invocations=11 (full 2):
 PSYoungGen      total 247808K, used 14315K [0x00000000d5580000, 0x00000000e5580000, 0x0000000100000000)
  eden space 233472K, 0% used [0x00000000d5580000,0x00000000d5580000,0x00000000e3980000)
  from space 14336K, 99% used [0x00000000e3980000,0x00000000e477ac68,0x00000000e4780000)
  to   space 11776K, 0% used [0x00000000e4a00000,0x00000000e4a00000,0x00000000e5580000)
 ParOldGen       total 70656K, used 20798K [0x0000000080000000, 0x0000000084500000, 0x00000000d5580000)
  object space 70656K, 29% used [0x0000000080000000,0x000000008144fbd8,0x0000000084500000)
 Metaspace       used 47904K, capacity 49774K, committed 49960K, reserved 1091584K
  class space    used 6474K, capacity 6861K, committed 6960K, reserved 1048576K
}
Event: 7.721 GC heap before
{Heap before GC invocations=12 (full 2):
 PSYoungGen      total 247808K, used 122904K [0x00000000d5580000, 0x00000000e5580000, 0x0000000100000000)
  eden space 233472K, 46% used [0x00000000d5580000,0x00000000dbf8b6b8,0x00000000e3980000)
  from space 14336K, 99% used [0x00000000e3980000,0x00000000e477ac68,0x00000000e4780000)
  to   space 11776K, 0% used [0x00000000e4a00000,0x00000000e4a00000,0x00000000e5580000)
 ParOldGen       total 70656K, used 20798K [0x0000000080000000, 0x0000000084500000, 0x00000000d5580000)
  object space 70656K, 29% used [0x0000000080000000,0x000000008144fbd8,0x0000000084500000)
 Metaspace       used 56771K, capacity 59104K, committed 59160K, reserved 1099776K
  class space    used 7772K, capacity 8239K, committed 8240K, reserved 1048576K
Event: 7.738 GC heap after
Heap after GC invocations=12 (full 2):
 PSYoungGen      total 245248K, used 11744K [0x00000000d5580000, 0x00000000e5580000, 0x0000000100000000)
  eden space 233472K, 0% used [0x00000000d5580000,0x00000000d5580000,0x00000000e3980000)
  from space 11776K, 99% used [0x00000000e4a00000,0x00000000e5578030,0x00000000e5580000)
  to   space 14336K, 0% used [0x00000000e3980000,0x00000000e3980000,0x00000000e4780000)
 ParOldGen       total 70656K, used 31454K [0x0000000080000000, 0x0000000084500000, 0x00000000d5580000)
  object space 70656K, 44% used [0x0000000080000000,0x0000000081eb7820,0x0000000084500000)
 Metaspace       used 56771K, capacity 59104K, committed 59160K, reserved 1099776K
  class space    used 7772K, capacity 8239K, committed 8240K, reserved 1048576K
}
Event: 7.738 GC heap before
{Heap before GC invocations=13 (full 3):
 PSYoungGen      total 245248K, used 11744K [0x00000000d5580000, 0x00000000e5580000, 0x0000000100000000)
  eden space 233472K, 0% used [0x00000000d5580000,0x00000000d5580000,0x00000000e3980000)
  from space 11776K, 99% used [0x00000000e4a00000,0x00000000e5578030,0x00000000e5580000)
  to   space 14336K, 0% used [0x00000000e3980000,0x00000000e3980000,0x00000000e4780000)
 ParOldGen       total 70656K, used 31454K [0x0000000080000000, 0x0000000084500000, 0x00000000d5580000)
  object space 70656K, 44% used [0x0000000080000000,0x0000000081eb7820,0x0000000084500000)
 Metaspace       used 56771K, capacity 59104K, committed 59160K, reserved 1099776K
  class space    used 7772K, capacity 8239K, committed 8240K, reserved 1048576K
Event: 7.949 GC heap after
Heap after GC invocations=13 (full 3):
 PSYoungGen      total 245248K, used 0K [0x00000000d5580000, 0x00000000e5580000, 0x0000000100000000)
  eden space 233472K, 0% used [0x00000000d5580000,0x00000000d5580000,0x00000000e3980000)
  from space 11776K, 0% used [0x00000000e4a00000,0x00000000e4a00000,0x00000000e5580000)
  to   space 14336K, 0% used [0x00000000e3980000,0x00000000e3980000,0x00000000e4780000)
 ParOldGen       total 110080K, used 34297K [0x0000000080000000, 0x0000000086b80000, 0x00000000d5580000)
  object space 110080K, 31% used [0x0000000080000000,0x000000008217e498,0x0000000086b80000)
 Metaspace       used 56737K, capacity 58990K, committed 59160K, reserved 1099776K
  class space    used 7761K, capacity 8220K, committed 8240K, reserved 1048576K
}

