# JRE version: OpenJDK Runtime Environment (8.0_242-b01) (build 1.8.0_242-release-1644-b01)
# Java VM: OpenJDK 64-Bit Server VM (25.242-b01 mixed mode windows-amd64 compressed oops)
Heap:
 PSYoungGen      total 225792K, used 167650K [0x00000000d5580000, 0x00000000e4980000, 0x0000000100000000)
  eden space 206336K, 81% used [0x00000000d5580000,0x00000000df938928,0x00000000e1f00000)
  from space 19456K, 0% used [0x00000000e3200000,0x00000000e3200000,0x00000000e4500000)
  to   space 19456K, 0% used [0x00000000e1f00000,0x00000000e1f00000,0x00000000e3200000)
 ParOldGen       total 79360K, used 29767K [0x0000000080000000, 0x0000000084d80000, 0x00000000d5580000)
  object space 79360K, 37% used [0x0000000080000000,0x0000000081d11d58,0x0000000084d80000)
 Metaspace       used 64152K, capacity 67492K, committed 67736K, reserved 1107968K
  class space    used 8909K, capacity 9545K, committed 9648K, reserved 1048576K
GC Heap History (10 events):
Event: 3.722 GC heap before
{Heap before GC invocations=11 (full 2):
 PSYoungGen      total 137216K, used 11230K [0x00000000d5580000, 0x00000000e0e00000, 0x0000000100000000)
  eden space 125952K, 0% used [0x00000000d5580000,0x00000000d5580000,0x00000000dd080000)
  from space 11264K, 99% used [0x00000000dd080000,0x00000000ddb779f8,0x00000000ddb80000)
  to   space 12800K, 0% used [0x00000000e0180000,0x00000000e0180000,0x00000000e0e00000)
 ParOldGen       total 50176K, used 6782K [0x0000000080000000, 0x0000000083100000, 0x00000000d5580000)
  object space 50176K, 13% used [0x0000000080000000,0x000000008069fb00,0x0000000083100000)
 Metaspace       used 34295K, capacity 35414K, committed 35496K, reserved 1079296K
  class space    used 4721K, capacity 5002K, committed 5040K, reserved 1048576K
Event: 3.790 GC heap after
Heap after GC invocations=11 (full 2):
 PSYoungGen      total 137216K, used 0K [0x00000000d5580000, 0x00000000e0e00000, 0x0000000100000000)
  eden space 125952K, 0% used [0x00000000d5580000,0x00000000d5580000,0x00000000dd080000)
  from space 11264K, 0% used [0x00000000dd080000,0x00000000dd080000,0x00000000ddb80000)
  to   space 12800K, 0% used [0x00000000e0180000,0x00000000e0180000,0x00000000e0e00000)
 ParOldGen       total 79360K, used 17329K [0x0000000080000000, 0x0000000084d80000, 0x00000000d5580000)
  object space 79360K, 21% used [0x0000000080000000,0x00000000810ec7e0,0x0000000084d80000)
 Metaspace       used 34295K, capacity 35414K, committed 35496K, reserved 1079296K
  class space    used 4721K, capacity 5002K, committed 5040K, reserved 1048576K
}
Event: 4.694 GC heap before
{Heap before GC invocations=12 (full 2):
 PSYoungGen      total 137216K, used 125952K [0x00000000d5580000, 0x00000000e0e00000, 0x0000000100000000)
  eden space 125952K, 100% used [0x00000000d5580000,0x00000000dd080000,0x00000000dd080000)
  from space 11264K, 0% used [0x00000000dd080000,0x00000000dd080000,0x00000000ddb80000)
  to   space 12800K, 0% used [0x00000000e0180000,0x00000000e0180000,0x00000000e0e00000)
 ParOldGen       total 79360K, used 17329K [0x0000000080000000, 0x0000000084d80000, 0x00000000d5580000)
  object space 79360K, 21% used [0x0000000080000000,0x00000000810ec7e0,0x0000000084d80000)
 Metaspace       used 39660K, capacity 41410K, committed 41768K, reserved 1085440K
  class space    used 5482K, capacity 5853K, committed 5936K, reserved 1048576K
Event: 4.707 GC heap after
Heap after GC invocations=12 (full 2):
 PSYoungGen      total 175616K, used 9563K [0x00000000d5580000, 0x00000000e0f00000, 0x0000000100000000)
  eden space 162816K, 0% used [0x00000000d5580000,0x00000000d5580000,0x00000000df480000)
  from space 12800K, 74% used [0x00000000e0180000,0x00000000e0ad6f30,0x00000000e0e00000)
  to   space 13312K, 0% used [0x00000000df480000,0x00000000df480000,0x00000000e0180000)
 ParOldGen       total 79360K, used 17337K [0x0000000080000000, 0x0000000084d80000, 0x00000000d5580000)
  object space 79360K, 21% used [0x0000000080000000,0x00000000810ee7e0,0x0000000084d80000)
 Metaspace       used 39660K, capacity 41410K, committed 41768K, reserved 1085440K
  class space    used 5482K, capacity 5853K, committed 5936K, reserved 1048576K
}
Event: 6.677 GC heap before
{Heap before GC invocations=13 (full 2):
 PSYoungGen      total 175616K, used 172379K [0x00000000d5580000, 0x00000000e0f00000, 0x0000000100000000)
  eden space 162816K, 100% used [0x00000000d5580000,0x00000000df480000,0x00000000df480000)
  from space 12800K, 74% used [0x00000000e0180000,0x00000000e0ad6f30,0x00000000e0e00000)
  to   space 13312K, 0% used [0x00000000df480000,0x00000000df480000,0x00000000e0180000)
 ParOldGen       total 79360K, used 17337K [0x0000000080000000, 0x0000000084d80000, 0x00000000d5580000)
  object space 79360K, 21% used [0x0000000080000000,0x00000000810ee7e0,0x0000000084d80000)
 Metaspace       used 55043K, capacity 57334K, committed 57384K, reserved 1099776K
  class space    used 7505K, capacity 7978K, committed 7984K, reserved 1048576K
Event: 6.698 GC heap after
Heap after GC invocations=13 (full 2):
 PSYoungGen      total 176128K, used 13308K [0x00000000d5580000, 0x00000000e4500000, 0x0000000100000000)
  eden space 162816K, 0% used [0x00000000d5580000,0x00000000d5580000,0x00000000df480000)
  from space 13312K, 99% used [0x00000000df480000,0x00000000e017f320,0x00000000e0180000)
  to   space 19456K, 0% used [0x00000000e3200000,0x00000000e3200000,0x00000000e4500000)
 ParOldGen       total 79360K, used 29627K [0x0000000080000000, 0x0000000084d80000, 0x00000000d5580000)
  object space 79360K, 37% used [0x0000000080000000,0x0000000081ceec48,0x0000000084d80000)
 Metaspace       used 55043K, capacity 57334K, committed 57384K, reserved 1099776K
  class space    used 7505K, capacity 7978K, committed 7984K, reserved 1048576K
}
Event: 6.981 GC heap before
{Heap before GC invocations=14 (full 2):
 PSYoungGen      total 176128K, used 38813K [0x00000000d5580000, 0x00000000e4500000, 0x0000000100000000)
  eden space 162816K, 15% used [0x00000000d5580000,0x00000000d6e68288,0x00000000df480000)
  from space 13312K, 99% used [0x00000000df480000,0x00000000e017f320,0x00000000e0180000)
  to   space 19456K, 0% used [0x00000000e3200000,0x00000000e3200000,0x00000000e4500000)
 ParOldGen       total 79360K, used 29627K [0x0000000080000000, 0x0000000084d80000, 0x00000000d5580000)
  object space 79360K, 37% used [0x0000000080000000,0x0000000081ceec48,0x0000000084d80000)
 Metaspace       used 56746K, capacity 59100K, committed 59160K, reserved 1099776K
  class space    used 7770K, capacity 8239K, committed 8240K, reserved 1048576K
Event: 6.994 GC heap after
Heap after GC invocations=14 (full 2):
 PSYoungGen      total 225792K, used 2517K [0x00000000d5580000, 0x00000000e4980000, 0x0000000100000000)
  eden space 206336K, 0% used [0x00000000d5580000,0x00000000d5580000,0x00000000e1f00000)
  from space 19456K, 12% used [0x00000000e3200000,0x00000000e3475708,0x00000000e4500000)
  to   space 19456K, 0% used [0x00000000e1f00000,0x00000000e1f00000,0x00000000e3200000)
 ParOldGen       total 79360K, used 42808K [0x0000000080000000, 0x0000000084d80000, 0x00000000d5580000)
  object space 79360K, 53% used [0x0000000080000000,0x00000000829ce1d0,0x0000000084d80000)
 Metaspace       used 56746K, capacity 59100K, committed 59160K, reserved 1099776K
  class space    used 7770K, capacity 8239K, committed 8240K, reserved 1048576K
}
Event: 6.994 GC heap before
{Heap before GC invocations=15 (full 3):
 PSYoungGen      total 225792K, used 2517K [0x00000000d5580000, 0x00000000e4980000, 0x0000000100000000)
  eden space 206336K, 0% used [0x00000000d5580000,0x00000000d5580000,0x00000000e1f00000)
  from space 19456K, 12% used [0x00000000e3200000,0x00000000e3475708,0x00000000e4500000)
  to   space 19456K, 0% used [0x00000000e1f00000,0x00000000e1f00000,0x00000000e3200000)
 ParOldGen       total 79360K, used 42808K [0x0000000080000000, 0x0000000084d80000, 0x00000000d5580000)
  object space 79360K, 53% used [0x0000000080000000,0x00000000829ce1d0,0x0000000084d80000)
 Metaspace       used 56746K, capacity 59100K, committed 59160K, reserved 1099776K
  class space    used 7770K, capacity 8239K, committed 8240K, reserved 1048576K
Event: 7.193 GC heap after
Heap after GC invocations=15 (full 3):
 PSYoungGen      total 225792K, used 0K [0x00000000d5580000, 0x00000000e4980000, 0x0000000100000000)
  eden space 206336K, 0% used [0x00000000d5580000,0x00000000d5580000,0x00000000e1f00000)
  from space 19456K, 0% used [0x00000000e3200000,0x00000000e3200000,0x00000000e4500000)
  to   space 19456K, 0% used [0x00000000e1f00000,0x00000000e1f00000,0x00000000e3200000)
 ParOldGen       total 79360K, used 29767K [0x0000000080000000, 0x0000000084d80000, 0x00000000d5580000)
  object space 79360K, 37% used [0x0000000080000000,0x0000000081d11d58,0x0000000084d80000)
 Metaspace       used 56712K, capacity 58986K, committed 59160K, reserved 1099776K
  class space    used 7760K, capacity 8220K, committed 8240K, reserved 1048576K
}

