# JRE version: OpenJDK Runtime Environment (8.0_242-b01) (build 1.8.0_242-release-1644-b01)
# Java VM: OpenJDK 64-Bit Server VM (25.242-b01 mixed mode windows-amd64 compressed oops)
Heap:
 PSYoungGen      total 321024K, used 65220K [0x00000000d5580000, 0x00000000ea580000, 0x0000000100000000)
  eden space 297984K, 14% used [0x00000000d5580000,0x00000000d802acd0,0x00000000e7880000)
  from space 23040K, 93% used [0x00000000e7880000,0x00000000e8d865f8,0x00000000e8f00000)
  to   space 17920K, 0% used [0x00000000e8f80000,0x00000000e8f80000,0x00000000ea100000)
 ParOldGen       total 118784K, used 35622K [0x0000000080000000, 0x0000000087400000, 0x00000000d5580000)
  object space 118784K, 29% used [0x0000000080000000,0x00000000822c9b68,0x0000000087400000)
 Metaspace       used 67396K, capacity 70832K, committed 70936K, reserved 1110016K
  class space    used 9089K, capacity 9745K, committed 9776K, reserved 1048576K
GC Heap History (10 events):
Event: 4.388 GC heap before
{Heap before GC invocations=10 (full 2):
 PSYoungGen      total 238592K, used 8299K [0x00000000d5580000, 0x00000000e4e80000, 0x0000000100000000)
  eden space 226304K, 0% used [0x00000000d5580000,0x00000000d5580000,0x00000000e3280000)
  from space 12288K, 67% used [0x00000000e4280000,0x00000000e4a9ad98,0x00000000e4e80000)
  to   space 14336K, 0% used [0x00000000e3280000,0x00000000e3280000,0x00000000e4080000)
 ParOldGen       total 53248K, used 9242K [0x0000000080000000, 0x0000000083400000, 0x00000000d5580000)
  object space 53248K, 17% used [0x0000000080000000,0x0000000080906b58,0x0000000083400000)
 Metaspace       used 34344K, capacity 35420K, committed 35496K, reserved 1079296K
  class space    used 4734K, capacity 5003K, committed 5040K, reserved 1048576K
Event: 4.433 GC heap after
Heap after GC invocations=10 (full 2):
 PSYoungGen      total 238592K, used 0K [0x00000000d5580000, 0x00000000e4e80000, 0x0000000100000000)
  eden space 226304K, 0% used [0x00000000d5580000,0x00000000d5580000,0x00000000e3280000)
  from space 12288K, 0% used [0x00000000e4280000,0x00000000e4280000,0x00000000e4e80000)
  to   space 14336K, 0% used [0x00000000e3280000,0x00000000e3280000,0x00000000e4080000)
 ParOldGen       total 76800K, used 14588K [0x0000000080000000, 0x0000000084b00000, 0x00000000d5580000)
  object space 76800K, 18% used [0x0000000080000000,0x0000000080e3f1b8,0x0000000084b00000)
 Metaspace       used 34344K, capacity 35420K, committed 35496K, reserved 1079296K
  class space    used 4734K, capacity 5003K, committed 5040K, reserved 1048576K
}
Event: 6.255 GC heap before
{Heap before GC invocations=11 (full 2):
 PSYoungGen      total 238592K, used 226304K [0x00000000d5580000, 0x00000000e4e80000, 0x0000000100000000)
  eden space 226304K, 100% used [0x00000000d5580000,0x00000000e3280000,0x00000000e3280000)
  from space 12288K, 0% used [0x00000000e4280000,0x00000000e4280000,0x00000000e4e80000)
  to   space 14336K, 0% used [0x00000000e3280000,0x00000000e3280000,0x00000000e4080000)
 ParOldGen       total 76800K, used 14588K [0x0000000080000000, 0x0000000084b00000, 0x00000000d5580000)
  object space 76800K, 18% used [0x0000000080000000,0x0000000080e3f1b8,0x0000000084b00000)
 Metaspace       used 46849K, capacity 48776K, committed 48936K, reserved 1091584K
  class space    used 6343K, capacity 6700K, committed 6704K, reserved 1048576K
Event: 6.270 GC heap after
Heap after GC invocations=11 (full 2):
 PSYoungGen      total 240640K, used 14307K [0x00000000d5580000, 0x00000000ea100000, 0x0000000100000000)
  eden space 226304K, 0% used [0x00000000d5580000,0x00000000d5580000,0x00000000e3280000)
  from space 14336K, 99% used [0x00000000e3280000,0x00000000e4078e68,0x00000000e4080000)
  to   space 17920K, 0% used [0x00000000e8f80000,0x00000000e8f80000,0x00000000ea100000)
 ParOldGen       total 76800K, used 18611K [0x0000000080000000, 0x0000000084b00000, 0x00000000d5580000)
  object space 76800K, 24% used [0x0000000080000000,0x000000008122ce50,0x0000000084b00000)
 Metaspace       used 46849K, capacity 48776K, committed 48936K, reserved 1091584K
  class space    used 6343K, capacity 6700K, committed 6704K, reserved 1048576K
}
Event: 7.918 GC heap before
{Heap before GC invocations=12 (full 2):
 PSYoungGen      total 240640K, used 134554K [0x00000000d5580000, 0x00000000ea100000, 0x0000000100000000)
  eden space 226304K, 53% used [0x00000000d5580000,0x00000000dcaedaf0,0x00000000e3280000)
  from space 14336K, 99% used [0x00000000e3280000,0x00000000e4078e68,0x00000000e4080000)
  to   space 17920K, 0% used [0x00000000e8f80000,0x00000000e8f80000,0x00000000ea100000)
 ParOldGen       total 76800K, used 18611K [0x0000000080000000, 0x0000000084b00000, 0x00000000d5580000)
  object space 76800K, 24% used [0x0000000080000000,0x000000008122ce50,0x0000000084b00000)
 Metaspace       used 56753K, capacity 59058K, committed 59160K, reserved 1099776K
  class space    used 7773K, capacity 8218K, committed 8240K, reserved 1048576K
Event: 7.937 GC heap after
Heap after GC invocations=12 (full 2):
 PSYoungGen      total 315904K, used 17892K [0x00000000d5580000, 0x00000000ea580000, 0x0000000100000000)
  eden space 297984K, 0% used [0x00000000d5580000,0x00000000d5580000,0x00000000e7880000)
  from space 17920K, 99% used [0x00000000e8f80000,0x00000000ea0f9388,0x00000000ea100000)
  to   space 23040K, 0% used [0x00000000e7880000,0x00000000e7880000,0x00000000e8f00000)
 ParOldGen       total 76800K, used 24553K [0x0000000080000000, 0x0000000084b00000, 0x00000000d5580000)
  object space 76800K, 31% used [0x0000000080000000,0x00000000817fa6e0,0x0000000084b00000)
 Metaspace       used 56753K, capacity 59058K, committed 59160K, reserved 1099776K
  class space    used 7773K, capacity 8218K, committed 8240K, reserved 1048576K
}
Event: 7.937 GC heap before
{Heap before GC invocations=13 (full 3):
 PSYoungGen      total 315904K, used 17892K [0x00000000d5580000, 0x00000000ea580000, 0x0000000100000000)
  eden space 297984K, 0% used [0x00000000d5580000,0x00000000d5580000,0x00000000e7880000)
  from space 17920K, 99% used [0x00000000e8f80000,0x00000000ea0f9388,0x00000000ea100000)
  to   space 23040K, 0% used [0x00000000e7880000,0x00000000e7880000,0x00000000e8f00000)
 ParOldGen       total 76800K, used 24553K [0x0000000080000000, 0x0000000084b00000, 0x00000000d5580000)
  object space 76800K, 31% used [0x0000000080000000,0x00000000817fa6e0,0x0000000084b00000)
 Metaspace       used 56753K, capacity 59058K, committed 59160K, reserved 1099776K
  class space    used 7773K, capacity 8218K, committed 8240K, reserved 1048576K
Event: 8.133 GC heap after
Heap after GC invocations=13 (full 3):
 PSYoungGen      total 315904K, used 0K [0x00000000d5580000, 0x00000000ea580000, 0x0000000100000000)
  eden space 297984K, 0% used [0x00000000d5580000,0x00000000d5580000,0x00000000e7880000)
  from space 17920K, 0% used [0x00000000e8f80000,0x00000000e8f80000,0x00000000ea100000)
  to   space 23040K, 0% used [0x00000000e7880000,0x00000000e7880000,0x00000000e8f00000)
 ParOldGen       total 118784K, used 35614K [0x0000000080000000, 0x0000000087400000, 0x00000000d5580000)
  object space 118784K, 29% used [0x0000000080000000,0x00000000822c7b68,0x0000000087400000)
 Metaspace       used 56708K, capacity 58908K, committed 59160K, reserved 1099776K
  class space    used 7759K, capacity 8193K, committed 8240K, reserved 1048576K
}
Event: 28.621 GC heap before
{Heap before GC invocations=14 (full 3):
 PSYoungGen      total 315904K, used 297984K [0x00000000d5580000, 0x00000000ea580000, 0x0000000100000000)
  eden space 297984K, 100% used [0x00000000d5580000,0x00000000e7880000,0x00000000e7880000)
  from space 17920K, 0% used [0x00000000e8f80000,0x00000000e8f80000,0x00000000ea100000)
  to   space 23040K, 0% used [0x00000000e7880000,0x00000000e7880000,0x00000000e8f00000)
 ParOldGen       total 118784K, used 35614K [0x0000000080000000, 0x0000000087400000, 0x00000000d5580000)
  object space 118784K, 29% used [0x0000000080000000,0x00000000822c7b68,0x0000000087400000)
 Metaspace       used 67338K, capacity 70776K, committed 70936K, reserved 1110016K
  class space    used 9085K, capacity 9737K, committed 9776K, reserved 1048576K
Event: 28.642 GC heap after
Heap after GC invocations=14 (full 3):
 PSYoungGen      total 321024K, used 21529K [0x00000000d5580000, 0x00000000ea580000, 0x0000000100000000)
  eden space 297984K, 0% used [0x00000000d5580000,0x00000000d5580000,0x00000000e7880000)
  from space 23040K, 93% used [0x00000000e7880000,0x00000000e8d865f8,0x00000000e8f00000)
  to   space 17920K, 0% used [0x00000000e8f80000,0x00000000e8f80000,0x00000000ea100000)
 ParOldGen       total 118784K, used 35622K [0x0000000080000000, 0x0000000087400000, 0x00000000d5580000)
  object space 118784K, 29% used [0x0000000080000000,0x00000000822c9b68,0x0000000087400000)
 Metaspace       used 67338K, capacity 70776K, committed 70936K, reserved 1110016K
  class space    used 9085K, capacity 9737K, committed 9776K, reserved 1048576K
}

